<?xml version="1.0" encoding="UTF-8"?>
<testsuite xmlns:xsi="http://www.w3.org/2001/XMLSchema-instance" xsi:noNamespaceSchemaLocation="https://maven.apache.org/surefire/maven-surefire-plugin/xsd/surefire-test-report.xsd" name="com.sang.prosangserver.repositories.ITAccountRepositoryTest" time="3.929" tests="2" errors="0" skipped="0" failures="0">
  <properties>
    <property name="sun.desktop" value="windows"/>
    <property name="awt.toolkit" value="sun.awt.windows.WToolkit"/>
    <property name="java.specification.version" value="11"/>
    <property name="sun.cpu.isalist" value="amd64"/>
    <property name="sun.jnu.encoding" value="Cp1252"/>
    <property name="java.class.path" value="C:\WORK_SPACE\PROJECTS\pro-sang-server\target\test-classes;C:\WORK_SPACE\PROJECTS\pro-sang-server\target\classes;C:\Users\user1\.m2\repository\org\springframework\boot\spring-boot-starter-data-rest\2.7.0-SNAPSHOT\spring-boot-starter-data-rest-2.7.0-SNAPSHOT.jar;C:\Users\user1\.m2\repository\org\springframework\data\spring-data-rest-webmvc\3.7.0-M4\spring-data-rest-webmvc-3.7.0-M4.jar;C:\Users\user1\.m2\repository\org\springframework\data\spring-data-rest-core\3.7.0-M4\spring-data-rest-core-3.7.0-M4.jar;C:\Users\user1\.m2\repository\org\springframework\hateoas\spring-hateoas\1.5.0-M2\spring-hateoas-1.5.0-M2.jar;C:\Users\user1\.m2\repository\org\springframework\plugin\spring-plugin-core\2.0.0.RELEASE\spring-plugin-core-2.0.0.RELEASE.jar;C:\Users\user1\.m2\repository\org\atteo\evo-inflector\1.3\evo-inflector-1.3.jar;C:\Users\user1\.m2\repository\com\fasterxml\jackson\core\jackson-databind\2.13.2\jackson-databind-2.13.2.jar;C:\Users\user1\.m2\repository\com\fasterxml\jackson\core\jackson-core\2.13.2\jackson-core-2.13.2.jar;C:\Users\user1\.m2\repository\com\fasterxml\jackson\core\jackson-annotations\2.13.2\jackson-annotations-2.13.2.jar;C:\Users\user1\.m2\repository\org\slf4j\slf4j-api\1.7.36\slf4j-api-1.7.36.jar;C:\Users\user1\.m2\repository\org\springframework\boot\spring-boot-starter-security\2.7.0-SNAPSHOT\spring-boot-starter-security-2.7.0-SNAPSHOT.jar;C:\Users\user1\.m2\repository\org\springframework\boot\spring-boot-starter\2.7.0-SNAPSHOT\spring-boot-starter-2.7.0-SNAPSHOT.jar;C:\Users\user1\.m2\repository\org\springframework\boot\spring-boot-starter-logging\2.7.0-SNAPSHOT\spring-boot-starter-logging-2.7.0-SNAPSHOT.jar;C:\Users\user1\.m2\repository\ch\qos\logback\logback-classic\1.2.11\logback-classic-1.2.11.jar;C:\Users\user1\.m2\repository\ch\qos\logback\logback-core\1.2.11\logback-core-1.2.11.jar;C:\Users\user1\.m2\repository\org\apache\logging\log4j\log4j-to-slf4j\2.17.2\log4j-to-slf4j-2.17.2.jar;C:\Users\user1\.m2\repository\org\apache\logging\log4j\log4j-api\2.17.2\log4j-api-2.17.2.jar;C:\Users\user1\.m2\repository\org\slf4j\jul-to-slf4j\1.7.36\jul-to-slf4j-1.7.36.jar;C:\Users\user1\.m2\repository\org\yaml\snakeyaml\1.30\snakeyaml-1.30.jar;C:\Users\user1\.m2\repository\org\springframework\spring-aop\5.3.19-SNAPSHOT\spring-aop-5.3.19-SNAPSHOT.jar;C:\Users\user1\.m2\repository\org\springframework\spring-beans\5.3.19-SNAPSHOT\spring-beans-5.3.19-SNAPSHOT.jar;C:\Users\user1\.m2\repository\org\springframework\security\spring-security-config\5.7.0-M3\spring-security-config-5.7.0-M3.jar;C:\Users\user1\.m2\repository\org\springframework\spring-context\5.3.19-SNAPSHOT\spring-context-5.3.19-SNAPSHOT.jar;C:\Users\user1\.m2\repository\org\springframework\security\spring-security-web\5.7.0-M3\spring-security-web-5.7.0-M3.jar;C:\Users\user1\.m2\repository\org\springframework\spring-expression\5.3.19-SNAPSHOT\spring-expression-5.3.19-SNAPSHOT.jar;C:\Users\user1\.m2\repository\org\springframework\boot\spring-boot-starter-web\2.7.0-SNAPSHOT\spring-boot-starter-web-2.7.0-SNAPSHOT.jar;C:\Users\user1\.m2\repository\org\springframework\boot\spring-boot-starter-json\2.7.0-SNAPSHOT\spring-boot-starter-json-2.7.0-SNAPSHOT.jar;C:\Users\user1\.m2\repository\com\fasterxml\jackson\datatype\jackson-datatype-jdk8\2.13.2\jackson-datatype-jdk8-2.13.2.jar;C:\Users\user1\.m2\repository\com\fasterxml\jackson\datatype\jackson-datatype-jsr310\2.13.2\jackson-datatype-jsr310-2.13.2.jar;C:\Users\user1\.m2\repository\com\fasterxml\jackson\module\jackson-module-parameter-names\2.13.2\jackson-module-parameter-names-2.13.2.jar;C:\Users\user1\.m2\repository\org\springframework\spring-web\5.3.19-SNAPSHOT\spring-web-5.3.19-SNAPSHOT.jar;C:\Users\user1\.m2\repository\org\springframework\spring-webmvc\5.3.19-SNAPSHOT\spring-webmvc-5.3.19-SNAPSHOT.jar;C:\Users\user1\.m2\repository\org\springframework\session\spring-session-core\2.7.0-M1\spring-session-core-2.7.0-M1.jar;C:\Users\user1\.m2\repository\org\springframework\spring-jcl\5.3.19-SNAPSHOT\spring-jcl-5.3.19-SNAPSHOT.jar;C:\Users\user1\.m2\repository\org\springframework\boot\spring-boot-devtools\2.7.0-SNAPSHOT\spring-boot-devtools-2.7.0-SNAPSHOT.jar;C:\Users\user1\.m2\repository\org\springframework\boot\spring-boot\2.7.0-SNAPSHOT\spring-boot-2.7.0-SNAPSHOT.jar;C:\Users\user1\.m2\repository\org\springframework\boot\spring-boot-autoconfigure\2.7.0-SNAPSHOT\spring-boot-autoconfigure-2.7.0-SNAPSHOT.jar;C:\Users\user1\.m2\repository\org\postgresql\postgresql\42.3.3\postgresql-42.3.3.jar;C:\Users\user1\.m2\repository\org\checkerframework\checker-qual\3.5.0\checker-qual-3.5.0.jar;C:\Users\user1\.m2\repository\org\springframework\boot\spring-boot-starter-data-jpa\2.7.0-SNAPSHOT\spring-boot-starter-data-jpa-2.7.0-SNAPSHOT.jar;C:\Users\user1\.m2\repository\org\springframework\boot\spring-boot-starter-aop\2.7.0-SNAPSHOT\spring-boot-starter-aop-2.7.0-SNAPSHOT.jar;C:\Users\user1\.m2\repository\org\aspectj\aspectjweaver\1.9.7\aspectjweaver-1.9.7.jar;C:\Users\user1\.m2\repository\org\springframework\boot\spring-boot-starter-jdbc\2.7.0-SNAPSHOT\spring-boot-starter-jdbc-2.7.0-SNAPSHOT.jar;C:\Users\user1\.m2\repository\com\zaxxer\HikariCP\4.0.3\HikariCP-4.0.3.jar;C:\Users\user1\.m2\repository\org\springframework\spring-jdbc\5.3.19-SNAPSHOT\spring-jdbc-5.3.19-SNAPSHOT.jar;C:\Users\user1\.m2\repository\jakarta\transaction\jakarta.transaction-api\1.3.3\jakarta.transaction-api-1.3.3.jar;C:\Users\user1\.m2\repository\jakarta\persistence\jakarta.persistence-api\2.2.3\jakarta.persistence-api-2.2.3.jar;C:\Users\user1\.m2\repository\org\hibernate\hibernate-core\5.6.7.Final\hibernate-core-5.6.7.Final.jar;C:\Users\user1\.m2\repository\org\jboss\logging\jboss-logging\3.4.3.Final\jboss-logging-3.4.3.Final.jar;C:\Users\user1\.m2\repository\net\bytebuddy\byte-buddy\1.12.8\byte-buddy-1.12.8.jar;C:\Users\user1\.m2\repository\antlr\antlr\2.7.7\antlr-2.7.7.jar;C:\Users\user1\.m2\repository\org\jboss\jandex\2.4.2.Final\jandex-2.4.2.Final.jar;C:\Users\user1\.m2\repository\com\fasterxml\classmate\1.5.1\classmate-1.5.1.jar;C:\Users\user1\.m2\repository\org\hibernate\common\hibernate-commons-annotations\5.1.2.Final\hibernate-commons-annotations-5.1.2.Final.jar;C:\Users\user1\.m2\repository\org\glassfish\jaxb\jaxb-runtime\2.3.6\jaxb-runtime-2.3.6.jar;C:\Users\user1\.m2\repository\org\glassfish\jaxb\txw2\2.3.6\txw2-2.3.6.jar;C:\Users\user1\.m2\repository\com\sun\istack\istack-commons-runtime\3.0.12\istack-commons-runtime-3.0.12.jar;C:\Users\user1\.m2\repository\com\sun\activation\jakarta.activation\1.2.2\jakarta.activation-1.2.2.jar;C:\Users\user1\.m2\repository\org\springframework\data\spring-data-jpa\2.7.0-M4\spring-data-jpa-2.7.0-M4.jar;C:\Users\user1\.m2\repository\org\springframework\data\spring-data-commons\2.7.0-M4\spring-data-commons-2.7.0-M4.jar;C:\Users\user1\.m2\repository\org\springframework\spring-orm\5.3.19-SNAPSHOT\spring-orm-5.3.19-SNAPSHOT.jar;C:\Users\user1\.m2\repository\org\springframework\spring-tx\5.3.19-SNAPSHOT\spring-tx-5.3.19-SNAPSHOT.jar;C:\Users\user1\.m2\repository\org\springframework\spring-aspects\5.3.19-SNAPSHOT\spring-aspects-5.3.19-SNAPSHOT.jar;C:\Users\user1\.m2\repository\org\projectlombok\lombok\1.18.22\lombok-1.18.22.jar;C:\Users\user1\.m2\repository\org\springframework\boot\spring-boot-starter-tomcat\2.7.0-SNAPSHOT\spring-boot-starter-tomcat-2.7.0-SNAPSHOT.jar;C:\Users\user1\.m2\repository\jakarta\annotation\jakarta.annotation-api\1.3.5\jakarta.annotation-api-1.3.5.jar;C:\Users\user1\.m2\repository\org\apache\tomcat\embed\tomcat-embed-core\9.0.60\tomcat-embed-core-9.0.60.jar;C:\Users\user1\.m2\repository\org\apache\tomcat\embed\tomcat-embed-el\9.0.60\tomcat-embed-el-9.0.60.jar;C:\Users\user1\.m2\repository\org\apache\tomcat\embed\tomcat-embed-websocket\9.0.60\tomcat-embed-websocket-9.0.60.jar;C:\Users\user1\.m2\repository\org\springframework\boot\spring-boot-starter-test\2.7.0-SNAPSHOT\spring-boot-starter-test-2.7.0-SNAPSHOT.jar;C:\Users\user1\.m2\repository\org\springframework\boot\spring-boot-test\2.7.0-SNAPSHOT\spring-boot-test-2.7.0-SNAPSHOT.jar;C:\Users\user1\.m2\repository\org\springframework\boot\spring-boot-test-autoconfigure\2.7.0-SNAPSHOT\spring-boot-test-autoconfigure-2.7.0-SNAPSHOT.jar;C:\Users\user1\.m2\repository\com\jayway\jsonpath\json-path\2.7.0\json-path-2.7.0.jar;C:\Users\user1\.m2\repository\net\minidev\json-smart\2.4.8\json-smart-2.4.8.jar;C:\Users\user1\.m2\repository\net\minidev\accessors-smart\2.4.8\accessors-smart-2.4.8.jar;C:\Users\user1\.m2\repository\org\ow2\asm\asm\9.1\asm-9.1.jar;C:\Users\user1\.m2\repository\jakarta\xml\bind\jakarta.xml.bind-api\2.3.3\jakarta.xml.bind-api-2.3.3.jar;C:\Users\user1\.m2\repository\jakarta\activation\jakarta.activation-api\1.2.2\jakarta.activation-api-1.2.2.jar;C:\Users\user1\.m2\repository\org\assertj\assertj-core\3.22.0\assertj-core-3.22.0.jar;C:\Users\user1\.m2\repository\org\hamcrest\hamcrest\2.2\hamcrest-2.2.jar;C:\Users\user1\.m2\repository\org\junit\jupiter\junit-jupiter\5.8.2\junit-jupiter-5.8.2.jar;C:\Users\user1\.m2\repository\org\junit\jupiter\junit-jupiter-api\5.8.2\junit-jupiter-api-5.8.2.jar;C:\Users\user1\.m2\repository\org\opentest4j\opentest4j\1.2.0\opentest4j-1.2.0.jar;C:\Users\user1\.m2\repository\org\junit\platform\junit-platform-commons\1.8.2\junit-platform-commons-1.8.2.jar;C:\Users\user1\.m2\repository\org\apiguardian\apiguardian-api\1.1.2\apiguardian-api-1.1.2.jar;C:\Users\user1\.m2\repository\org\junit\jupiter\junit-jupiter-params\5.8.2\junit-jupiter-params-5.8.2.jar;C:\Users\user1\.m2\repository\org\junit\jupiter\junit-jupiter-engine\5.8.2\junit-jupiter-engine-5.8.2.jar;C:\Users\user1\.m2\repository\org\junit\platform\junit-platform-engine\1.8.2\junit-platform-engine-1.8.2.jar;C:\Users\user1\.m2\repository\org\mockito\mockito-core\4.4.0\mockito-core-4.4.0.jar;C:\Users\user1\.m2\repository\net\bytebuddy\byte-buddy-agent\1.12.8\byte-buddy-agent-1.12.8.jar;C:\Users\user1\.m2\repository\org\objenesis\objenesis\3.2\objenesis-3.2.jar;C:\Users\user1\.m2\repository\org\mockito\mockito-junit-jupiter\4.4.0\mockito-junit-jupiter-4.4.0.jar;C:\Users\user1\.m2\repository\org\skyscreamer\jsonassert\1.5.0\jsonassert-1.5.0.jar;C:\Users\user1\.m2\repository\com\vaadin\external\google\android-json\0.0.20131108.vaadin1\android-json-0.0.20131108.vaadin1.jar;C:\Users\user1\.m2\repository\org\springframework\spring-core\5.3.19-SNAPSHOT\spring-core-5.3.19-SNAPSHOT.jar;C:\Users\user1\.m2\repository\org\springframework\spring-test\5.3.19-SNAPSHOT\spring-test-5.3.19-SNAPSHOT.jar;C:\Users\user1\.m2\repository\org\xmlunit\xmlunit-core\2.9.0\xmlunit-core-2.9.0.jar;C:\Users\user1\.m2\repository\org\springframework\security\spring-security-test\5.7.0-M3\spring-security-test-5.7.0-M3.jar;C:\Users\user1\.m2\repository\org\springframework\security\spring-security-core\5.7.0-M3\spring-security-core-5.7.0-M3.jar;C:\Users\user1\.m2\repository\org\springframework\security\spring-security-crypto\5.7.0-M3\spring-security-crypto-5.7.0-M3.jar;"/>
    <property name="java.vm.vendor" value="Amazon.com Inc."/>
    <property name="sun.arch.data.model" value="64"/>
    <property name="user.variant" value=""/>
    <property name="java.vendor.url" value="https://aws.amazon.com/corretto/"/>
    <property name="user.timezone" value="Asia/Bangkok"/>
    <property name="java.vm.specification.version" value="11"/>
    <property name="os.name" value="Windows 10"/>
    <property name="sun.java.launcher" value="SUN_STANDARD"/>
    <property name="user.country" value="US"/>
    <property name="sun.boot.library.path" value="C:\Program Files\Amazon Corretto\jdk11.0.9_12\bin"/>
    <property name="sun.java.command" value="C:\Users\user1\AppData\Local\Temp\surefire5555688490685090493\surefirebooter1659542215393850715.jar C:\Users\user1\AppData\Local\Temp\surefire5555688490685090493 2022-04-08T11-23-57_420-jvmRun1 surefire16243586643431480138tmp surefire_012365041649023105237tmp"/>
    <property name="jdk.debug" value="release"/>
    <property name="surefire.test.class.path" value="C:\WORK_SPACE\PROJECTS\pro-sang-server\target\test-classes;C:\WORK_SPACE\PROJECTS\pro-sang-server\target\classes;C:\Users\user1\.m2\repository\org\springframework\boot\spring-boot-starter-data-rest\2.7.0-SNAPSHOT\spring-boot-starter-data-rest-2.7.0-SNAPSHOT.jar;C:\Users\user1\.m2\repository\org\springframework\data\spring-data-rest-webmvc\3.7.0-M4\spring-data-rest-webmvc-3.7.0-M4.jar;C:\Users\user1\.m2\repository\org\springframework\data\spring-data-rest-core\3.7.0-M4\spring-data-rest-core-3.7.0-M4.jar;C:\Users\user1\.m2\repository\org\springframework\hateoas\spring-hateoas\1.5.0-M2\spring-hateoas-1.5.0-M2.jar;C:\Users\user1\.m2\repository\org\springframework\plugin\spring-plugin-core\2.0.0.RELEASE\spring-plugin-core-2.0.0.RELEASE.jar;C:\Users\user1\.m2\repository\org\atteo\evo-inflector\1.3\evo-inflector-1.3.jar;C:\Users\user1\.m2\repository\com\fasterxml\jackson\core\jackson-databind\2.13.2\jackson-databind-2.13.2.jar;C:\Users\user1\.m2\repository\com\fasterxml\jackson\core\jackson-core\2.13.2\jackson-core-2.13.2.jar;C:\Users\user1\.m2\repository\com\fasterxml\jackson\core\jackson-annotations\2.13.2\jackson-annotations-2.13.2.jar;C:\Users\user1\.m2\repository\org\slf4j\slf4j-api\1.7.36\slf4j-api-1.7.36.jar;C:\Users\user1\.m2\repository\org\springframework\boot\spring-boot-starter-security\2.7.0-SNAPSHOT\spring-boot-starter-security-2.7.0-SNAPSHOT.jar;C:\Users\user1\.m2\repository\org\springframework\boot\spring-boot-starter\2.7.0-SNAPSHOT\spring-boot-starter-2.7.0-SNAPSHOT.jar;C:\Users\user1\.m2\repository\org\springframework\boot\spring-boot-starter-logging\2.7.0-SNAPSHOT\spring-boot-starter-logging-2.7.0-SNAPSHOT.jar;C:\Users\user1\.m2\repository\ch\qos\logback\logback-classic\1.2.11\logback-classic-1.2.11.jar;C:\Users\user1\.m2\repository\ch\qos\logback\logback-core\1.2.11\logback-core-1.2.11.jar;C:\Users\user1\.m2\repository\org\apache\logging\log4j\log4j-to-slf4j\2.17.2\log4j-to-slf4j-2.17.2.jar;C:\Users\user1\.m2\repository\org\apache\logging\log4j\log4j-api\2.17.2\log4j-api-2.17.2.jar;C:\Users\user1\.m2\repository\org\slf4j\jul-to-slf4j\1.7.36\jul-to-slf4j-1.7.36.jar;C:\Users\user1\.m2\repository\org\yaml\snakeyaml\1.30\snakeyaml-1.30.jar;C:\Users\user1\.m2\repository\org\springframework\spring-aop\5.3.19-SNAPSHOT\spring-aop-5.3.19-SNAPSHOT.jar;C:\Users\user1\.m2\repository\org\springframework\spring-beans\5.3.19-SNAPSHOT\spring-beans-5.3.19-SNAPSHOT.jar;C:\Users\user1\.m2\repository\org\springframework\security\spring-security-config\5.7.0-M3\spring-security-config-5.7.0-M3.jar;C:\Users\user1\.m2\repository\org\springframework\spring-context\5.3.19-SNAPSHOT\spring-context-5.3.19-SNAPSHOT.jar;C:\Users\user1\.m2\repository\org\springframework\security\spring-security-web\5.7.0-M3\spring-security-web-5.7.0-M3.jar;C:\Users\user1\.m2\repository\org\springframework\spring-expression\5.3.19-SNAPSHOT\spring-expression-5.3.19-SNAPSHOT.jar;C:\Users\user1\.m2\repository\org\springframework\boot\spring-boot-starter-web\2.7.0-SNAPSHOT\spring-boot-starter-web-2.7.0-SNAPSHOT.jar;C:\Users\user1\.m2\repository\org\springframework\boot\spring-boot-starter-json\2.7.0-SNAPSHOT\spring-boot-starter-json-2.7.0-SNAPSHOT.jar;C:\Users\user1\.m2\repository\com\fasterxml\jackson\datatype\jackson-datatype-jdk8\2.13.2\jackson-datatype-jdk8-2.13.2.jar;C:\Users\user1\.m2\repository\com\fasterxml\jackson\datatype\jackson-datatype-jsr310\2.13.2\jackson-datatype-jsr310-2.13.2.jar;C:\Users\user1\.m2\repository\com\fasterxml\jackson\module\jackson-module-parameter-names\2.13.2\jackson-module-parameter-names-2.13.2.jar;C:\Users\user1\.m2\repository\org\springframework\spring-web\5.3.19-SNAPSHOT\spring-web-5.3.19-SNAPSHOT.jar;C:\Users\user1\.m2\repository\org\springframework\spring-webmvc\5.3.19-SNAPSHOT\spring-webmvc-5.3.19-SNAPSHOT.jar;C:\Users\user1\.m2\repository\org\springframework\session\spring-session-core\2.7.0-M1\spring-session-core-2.7.0-M1.jar;C:\Users\user1\.m2\repository\org\springframework\spring-jcl\5.3.19-SNAPSHOT\spring-jcl-5.3.19-SNAPSHOT.jar;C:\Users\user1\.m2\repository\org\springframework\boot\spring-boot-devtools\2.7.0-SNAPSHOT\spring-boot-devtools-2.7.0-SNAPSHOT.jar;C:\Users\user1\.m2\repository\org\springframework\boot\spring-boot\2.7.0-SNAPSHOT\spring-boot-2.7.0-SNAPSHOT.jar;C:\Users\user1\.m2\repository\org\springframework\boot\spring-boot-autoconfigure\2.7.0-SNAPSHOT\spring-boot-autoconfigure-2.7.0-SNAPSHOT.jar;C:\Users\user1\.m2\repository\org\postgresql\postgresql\42.3.3\postgresql-42.3.3.jar;C:\Users\user1\.m2\repository\org\checkerframework\checker-qual\3.5.0\checker-qual-3.5.0.jar;C:\Users\user1\.m2\repository\org\springframework\boot\spring-boot-starter-data-jpa\2.7.0-SNAPSHOT\spring-boot-starter-data-jpa-2.7.0-SNAPSHOT.jar;C:\Users\user1\.m2\repository\org\springframework\boot\spring-boot-starter-aop\2.7.0-SNAPSHOT\spring-boot-starter-aop-2.7.0-SNAPSHOT.jar;C:\Users\user1\.m2\repository\org\aspectj\aspectjweaver\1.9.7\aspectjweaver-1.9.7.jar;C:\Users\user1\.m2\repository\org\springframework\boot\spring-boot-starter-jdbc\2.7.0-SNAPSHOT\spring-boot-starter-jdbc-2.7.0-SNAPSHOT.jar;C:\Users\user1\.m2\repository\com\zaxxer\HikariCP\4.0.3\HikariCP-4.0.3.jar;C:\Users\user1\.m2\repository\org\springframework\spring-jdbc\5.3.19-SNAPSHOT\spring-jdbc-5.3.19-SNAPSHOT.jar;C:\Users\user1\.m2\repository\jakarta\transaction\jakarta.transaction-api\1.3.3\jakarta.transaction-api-1.3.3.jar;C:\Users\user1\.m2\repository\jakarta\persistence\jakarta.persistence-api\2.2.3\jakarta.persistence-api-2.2.3.jar;C:\Users\user1\.m2\repository\org\hibernate\hibernate-core\5.6.7.Final\hibernate-core-5.6.7.Final.jar;C:\Users\user1\.m2\repository\org\jboss\logging\jboss-logging\3.4.3.Final\jboss-logging-3.4.3.Final.jar;C:\Users\user1\.m2\repository\net\bytebuddy\byte-buddy\1.12.8\byte-buddy-1.12.8.jar;C:\Users\user1\.m2\repository\antlr\antlr\2.7.7\antlr-2.7.7.jar;C:\Users\user1\.m2\repository\org\jboss\jandex\2.4.2.Final\jandex-2.4.2.Final.jar;C:\Users\user1\.m2\repository\com\fasterxml\classmate\1.5.1\classmate-1.5.1.jar;C:\Users\user1\.m2\repository\org\hibernate\common\hibernate-commons-annotations\5.1.2.Final\hibernate-commons-annotations-5.1.2.Final.jar;C:\Users\user1\.m2\repository\org\glassfish\jaxb\jaxb-runtime\2.3.6\jaxb-runtime-2.3.6.jar;C:\Users\user1\.m2\repository\org\glassfish\jaxb\txw2\2.3.6\txw2-2.3.6.jar;C:\Users\user1\.m2\repository\com\sun\istack\istack-commons-runtime\3.0.12\istack-commons-runtime-3.0.12.jar;C:\Users\user1\.m2\repository\com\sun\activation\jakarta.activation\1.2.2\jakarta.activation-1.2.2.jar;C:\Users\user1\.m2\repository\org\springframework\data\spring-data-jpa\2.7.0-M4\spring-data-jpa-2.7.0-M4.jar;C:\Users\user1\.m2\repository\org\springframework\data\spring-data-commons\2.7.0-M4\spring-data-commons-2.7.0-M4.jar;C:\Users\user1\.m2\repository\org\springframework\spring-orm\5.3.19-SNAPSHOT\spring-orm-5.3.19-SNAPSHOT.jar;C:\Users\user1\.m2\repository\org\springframework\spring-tx\5.3.19-SNAPSHOT\spring-tx-5.3.19-SNAPSHOT.jar;C:\Users\user1\.m2\repository\org\springframework\spring-aspects\5.3.19-SNAPSHOT\spring-aspects-5.3.19-SNAPSHOT.jar;C:\Users\user1\.m2\repository\org\projectlombok\lombok\1.18.22\lombok-1.18.22.jar;C:\Users\user1\.m2\repository\org\springframework\boot\spring-boot-starter-tomcat\2.7.0-SNAPSHOT\spring-boot-starter-tomcat-2.7.0-SNAPSHOT.jar;C:\Users\user1\.m2\repository\jakarta\annotation\jakarta.annotation-api\1.3.5\jakarta.annotation-api-1.3.5.jar;C:\Users\user1\.m2\repository\org\apache\tomcat\embed\tomcat-embed-core\9.0.60\tomcat-embed-core-9.0.60.jar;C:\Users\user1\.m2\repository\org\apache\tomcat\embed\tomcat-embed-el\9.0.60\tomcat-embed-el-9.0.60.jar;C:\Users\user1\.m2\repository\org\apache\tomcat\embed\tomcat-embed-websocket\9.0.60\tomcat-embed-websocket-9.0.60.jar;C:\Users\user1\.m2\repository\org\springframework\boot\spring-boot-starter-test\2.7.0-SNAPSHOT\spring-boot-starter-test-2.7.0-SNAPSHOT.jar;C:\Users\user1\.m2\repository\org\springframework\boot\spring-boot-test\2.7.0-SNAPSHOT\spring-boot-test-2.7.0-SNAPSHOT.jar;C:\Users\user1\.m2\repository\org\springframework\boot\spring-boot-test-autoconfigure\2.7.0-SNAPSHOT\spring-boot-test-autoconfigure-2.7.0-SNAPSHOT.jar;C:\Users\user1\.m2\repository\com\jayway\jsonpath\json-path\2.7.0\json-path-2.7.0.jar;C:\Users\user1\.m2\repository\net\minidev\json-smart\2.4.8\json-smart-2.4.8.jar;C:\Users\user1\.m2\repository\net\minidev\accessors-smart\2.4.8\accessors-smart-2.4.8.jar;C:\Users\user1\.m2\repository\org\ow2\asm\asm\9.1\asm-9.1.jar;C:\Users\user1\.m2\repository\jakarta\xml\bind\jakarta.xml.bind-api\2.3.3\jakarta.xml.bind-api-2.3.3.jar;C:\Users\user1\.m2\repository\jakarta\activation\jakarta.activation-api\1.2.2\jakarta.activation-api-1.2.2.jar;C:\Users\user1\.m2\repository\org\assertj\assertj-core\3.22.0\assertj-core-3.22.0.jar;C:\Users\user1\.m2\repository\org\hamcrest\hamcrest\2.2\hamcrest-2.2.jar;C:\Users\user1\.m2\repository\org\junit\jupiter\junit-jupiter\5.8.2\junit-jupiter-5.8.2.jar;C:\Users\user1\.m2\repository\org\junit\jupiter\junit-jupiter-api\5.8.2\junit-jupiter-api-5.8.2.jar;C:\Users\user1\.m2\repository\org\opentest4j\opentest4j\1.2.0\opentest4j-1.2.0.jar;C:\Users\user1\.m2\repository\org\junit\platform\junit-platform-commons\1.8.2\junit-platform-commons-1.8.2.jar;C:\Users\user1\.m2\repository\org\apiguardian\apiguardian-api\1.1.2\apiguardian-api-1.1.2.jar;C:\Users\user1\.m2\repository\org\junit\jupiter\junit-jupiter-params\5.8.2\junit-jupiter-params-5.8.2.jar;C:\Users\user1\.m2\repository\org\junit\jupiter\junit-jupiter-engine\5.8.2\junit-jupiter-engine-5.8.2.jar;C:\Users\user1\.m2\repository\org\junit\platform\junit-platform-engine\1.8.2\junit-platform-engine-1.8.2.jar;C:\Users\user1\.m2\repository\org\mockito\mockito-core\4.4.0\mockito-core-4.4.0.jar;C:\Users\user1\.m2\repository\net\bytebuddy\byte-buddy-agent\1.12.8\byte-buddy-agent-1.12.8.jar;C:\Users\user1\.m2\repository\org\objenesis\objenesis\3.2\objenesis-3.2.jar;C:\Users\user1\.m2\repository\org\mockito\mockito-junit-jupiter\4.4.0\mockito-junit-jupiter-4.4.0.jar;C:\Users\user1\.m2\repository\org\skyscreamer\jsonassert\1.5.0\jsonassert-1.5.0.jar;C:\Users\user1\.m2\repository\com\vaadin\external\google\android-json\0.0.20131108.vaadin1\android-json-0.0.20131108.vaadin1.jar;C:\Users\user1\.m2\repository\org\springframework\spring-core\5.3.19-SNAPSHOT\spring-core-5.3.19-SNAPSHOT.jar;C:\Users\user1\.m2\repository\org\springframework\spring-test\5.3.19-SNAPSHOT\spring-test-5.3.19-SNAPSHOT.jar;C:\Users\user1\.m2\repository\org\xmlunit\xmlunit-core\2.9.0\xmlunit-core-2.9.0.jar;C:\Users\user1\.m2\repository\org\springframework\security\spring-security-test\5.7.0-M3\spring-security-test-5.7.0-M3.jar;C:\Users\user1\.m2\repository\org\springframework\security\spring-security-core\5.7.0-M3\spring-security-core-5.7.0-M3.jar;C:\Users\user1\.m2\repository\org\springframework\security\spring-security-crypto\5.7.0-M3\spring-security-crypto-5.7.0-M3.jar;"/>
    <property name="sun.cpu.endian" value="little"/>
    <property name="user.home" value="C:\Users\user1"/>
    <property name="user.language" value="en"/>
    <property name="java.specification.vendor" value="Oracle Corporation"/>
    <property name="java.version.date" value="2020-11-04"/>
    <property name="java.home" value="C:\Program Files\Amazon Corretto\jdk11.0.9_12"/>
    <property name="file.separator" value="\"/>
    <property name="basedir" value="C:\WORK_SPACE\PROJECTS\pro-sang-server"/>
    <property name="java.vm.compressedOopsMode" value="Zero based"/>
    <property name="line.separator" value="&#10;"/>
    <property name="java.specification.name" value="Java Platform API Specification"/>
    <property name="java.vm.specification.vendor" value="Oracle Corporation"/>
    <property name="java.awt.graphicsenv" value="sun.awt.Win32GraphicsEnvironment"/>
    <property name="surefire.real.class.path" value="C:\Users\user1\AppData\Local\Temp\surefire5555688490685090493\surefirebooter1659542215393850715.jar"/>
    <property name="user.script" value=""/>
    <property name="sun.management.compiler" value="HotSpot 64-Bit Tiered Compilers"/>
    <property name="java.runtime.version" value="11.0.9.1+12-LTS"/>
    <property name="user.name" value="user1"/>
    <property name="path.separator" value=";"/>
    <property name="os.version" value="10.0"/>
    <property name="java.runtime.name" value="OpenJDK Runtime Environment"/>
    <property name="file.encoding" value="UTF8"/>
    <property name="java.vm.name" value="OpenJDK 64-Bit Server VM"/>
    <property name="java.vendor.version" value="Corretto-11.0.9.12.1"/>
    <property name="localRepository" value="C:\Users\user1\.m2\repository"/>
    <property name="java.vendor.url.bug" value="https://github.com/corretto/corretto-11/issues/"/>
    <property name="java.io.tmpdir" value="C:\Users\user1\AppData\Local\Temp\"/>
    <property name="java.version" value="11.0.9.1"/>
    <property name="user.dir" value="C:\WORK_SPACE\PROJECTS\pro-sang-server"/>
    <property name="os.arch" value="amd64"/>
    <property name="java.vm.specification.name" value="Java Virtual Machine Specification"/>
    <property name="java.awt.printerjob" value="sun.awt.windows.WPrinterJob"/>
    <property name="sun.os.patch.level" value=""/>
    <property name="java.library.path" value="C:\Program Files\Amazon Corretto\jdk11.0.9_12\bin;C:\WINDOWS\Sun\Java\bin;C:\WINDOWS\system32;C:\WINDOWS;C:\Program Files\Amazon Corretto\jdk11.0.9_12\bin;C:\Program Files (x86)\Common Files\Oracle\Java\javapath;C:\WINDOWS\system32;C:\WINDOWS;C:\WINDOWS\System32\Wbem;C:\WINDOWS\System32\WindowsPowerShell\v1.0\;C:\WINDOWS\System32\OpenSSH\;C:\Program Files (x86)\sbt\bin;C:\Program Files\Git\cmd;C:\Program Files\Amazon\AWSCLI\bin\;C:\Users\user1\AppData\Local\Programs\Python\Python38-32\Scripts;C:\Users\user1\AppData\Local\Programs\Python\Python38-32\libs;C:\Users\user1\AppData\Local\Programs\Python\Python38-32;C:\Program Files\Intel\WiFi\bin\;C:\Program Files\Common Files\Intel\WirelessCommon\;C:\Program Files (x86)\Microsoft Visual Studio\2017\BuildTools\VC\Tools\MSVC\14.16.27023\bin\Hostx64\x64;C:\Gradle\gradle-6.3\bin;C:\Users\user1\AppData\Local\Programs\Python\Python38;C:\Users\user1\AppData\Local\Programs\Python\Python38\Scripts;C:\Users\user1\AppData\Local\Programs\Python\Python38\libs;C:\Program Files\MySQL\MySQL Server 8.0\bin;C:\Users\user1\AppData\Roaming\nvm;C:\Program Files\nodejs;C:\MinGW\bin;C:\Program Files\dotnet\;C:\ERental\spring-boot-cli-2.5.1-bin\spring-2.5.1\bin;C:\MAVEN\apache-maven-3.8.1-bin\apache-maven-3.8.1\bin;C:\Program Files\PuTTY\;C:\Program Files\erl10.7\bin;C:\Program Files (x86)\Elixir\bin;C:\Users\user1\.mix\escripts;C:\Program Files\Docker\Docker\resources\bin;C:\ProgramData\DockerDesktop\version-bin;c:\Program Files (x86)\Intel\Intel(R) Management Engine Components\DAL;c:\Program Files\Intel\Intel(R) Management Engine Components\DAL;C:\Program Files (x86)\Common Files\Oracle\Java\javapath;C:\WINDOWS\system32;C:\WINDOWS;C:\WINDOWS\System32\Wbem;C:\WINDOWS\System32\WindowsPowerShell\v1.0\;C:\WINDOWS\System32\OpenSSH\;C:\Program Files (x86)\sbt\bin;C:\Program Files\Git\cmd;C:\Program Files\Amazon\AWSCLI\bin\;C:\Program Files (x86)\Intel\Intel(R) Management Engine Components\DAL;C:\Program Files\Intel\Intel(R) Management Engine Components\DAL;C:\Program Files\Intel\WiFi\bin\;C:\Program Files\Common Files\Intel\WirelessCommon\;C:\Users\user1\AppData\Local\Microsoft\WindowsApps;C:\Users\user1\AppData\Roaming\npm;C:\Users\user1\AppData\Local\Programs\Microsoft VS Code\bin;C:\Program Files\heroku\bin;C:\Python34\Scripts;C:\Users\user1\AppData\Local\Microsoft\WindowsApps;C:\Users\user1\AppData\Roaming\nvm;C:\Program Files\nodejs;C:\Study\Flutter\flutter_windows_1.20.4-stable\flutter\bin;C:\Program Files\Oracle\VirtualBox;;C:\Users\user1\.dotnet\tools;C:\Program Files\CMake\bin;."/>
    <property name="java.vm.info" value="mixed mode"/>
    <property name="java.vendor" value="Amazon.com Inc."/>
    <property name="java.vm.version" value="11.0.9.1+12-LTS"/>
    <property name="sun.io.unicode.encoding" value="UnicodeLittle"/>
    <property name="java.class.version" value="55.0"/>
  </properties>
  <testcase name="testSelectAccount" classname="com.sang.prosangserver.repositories.ITAccountRepositoryTest" time="0.941"/>
  <testcase name="injectedComponentsAreNotNull" classname="com.sang.prosangserver.repositories.ITAccountRepositoryTest" time="0.738"/>
</testsuite>